<?xml version="1.0" encoding="UTF-8"?>
<!-- Generated by org.testng.reporters.JUnitReportReporter -->
<testsuite hostname="DESKTOP-5MUK57H" failures="0" tests="1" name="runnerscript.FbLogin" time="12.570" errors="0" timestamp="2024-12-03T11:28:29 IST" skipped="0">
  <testcase classname="runnerscript.FbLogin" name="log" time="12.570"/>
  <system-out/>
</testsuite> <!-- runnerscript.FbLogin -->
