<?xml version="1.0" encoding="UTF-8"?>
<!-- Generated by org.testng.reporters.JUnitReportReporter -->
<testsuite hostname="DESKTOP-5MUK57H" failures="0" tests="1" name="framework.Double_click" time="8.153" errors="0" timestamp="2024-11-27T12:16:19 IST" skipped="0">
  <testcase classname="framework.Double_click" name="doubcli" time="8.153"/>
  <system-out/>
</testsuite> <!-- framework.Double_click -->
