<?xml version="1.0" encoding="UTF-8"?>
<!-- Generated by org.testng.reporters.JUnitReportReporter -->
<testsuite hostname="DESKTOP-5MUK57H" failures="0" tests="1" name="fw.Elementenabled" time="10.374" errors="0" timestamp="2024-11-27T11:59:41 IST" skipped="0">
  <testcase classname="fw.Elementenabled" name="eleena" time="10.374"/>
  <system-out>
    <![CDATA[enabled]]>
  </system-out>
</testsuite> <!-- fw.Elementenabled -->
