<?xml version="1.0" encoding="UTF-8"?>
<!-- Generated by org.testng.reporters.JUnitReportReporter -->
<testsuite hostname="DESKTOP-5MUK57H" failures="0" tests="1" name="framework.Tsak" time="8.281" errors="0" timestamp="2024-11-30T12:20:59 IST" skipped="0">
  <testcase classname="framework.Tsak" name="act" time="8.281"/>
  <system-out/>
</testsuite> <!-- framework.Tsak -->
