<?xml version="1.0" encoding="UTF-8"?>
<!-- Generated by org.testng.reporters.JUnitReportReporter -->
<testsuite hostname="DESKTOP-5MUK57H" failures="0" tests="2" name="runnerscript.Parall_exec" time="34.015" errors="0" timestamp="2024-12-06T17:12:15 IST" skipped="0">
  <testcase classname="runnerscript.Parall_exec" name="pexec" time="3.897"/>
  <system-out/>
  <testcase classname="runnerscript.Parall_exec" name="pexec" time="30.118"/>
  <system-out/>
</testsuite> <!-- runnerscript.Parall_exec -->
