<?xml version="1.0" encoding="UTF-8"?>
<!-- Generated by org.testng.reporters.JUnitReportReporter -->
<testsuite hostname="DESKTOP-5MUK57H" failures="0" tests="1" name="runnerscript.Rfrs" time="4.717" errors="0" timestamp="2024-12-02T12:52:43 IST" skipped="0">
  <testcase classname="runnerscript.Rfrs" name="enterdata" time="4.717"/>
  <system-out/>
</testsuite> <!-- runnerscript.Rfrs -->
