<?xml version="1.0" encoding="UTF-8"?>
<!-- Generated by org.testng.reporters.JUnitReportReporter -->
<testsuite hostname="DESKTOP-5MUK57H" failures="0" tests="6" name="basic.Demo1" time="0.056" errors="0" timestamp="2024-11-29T11:28:58 IST" skipped="0">
  <testcase classname="basic.Demo1" name="test1" time="0.003"/>
  <system-out>
    <![CDATA[hello]]>
  </system-out>
  <testcase classname="basic.Demo1" name="test1" time="0.003"/>
  <system-out>
    <![CDATA[hello]]>
  </system-out>
  <testcase classname="basic.Demo1" name="test1" time="0.002"/>
  <system-out>
    <![CDATA[hello]]>
  </system-out>
  <testcase classname="basic.Demo1" name="test1" time="0.029"/>
  <system-out>
    <![CDATA[hello]]>
  </system-out>
  <testcase classname="basic.Demo1" name="test2" time="0.014"/>
  <system-out>
    <![CDATA[world]]>
  </system-out>
  <testcase classname="basic.Demo1" name="test1" time="0.005"/>
  <system-out>
    <![CDATA[hello]]>
  </system-out>
</testsuite> <!-- basic.Demo1 -->
