<?xml version="1.0" encoding="UTF-8"?>
<!-- Generated by org.testng.reporters.JUnitReportReporter -->
<testsuite hostname="DESKTOP-5MUK57H" failures="0" tests="1" name="framework.Rs" time="12.754" errors="0" timestamp="2024-11-29T12:33:04 IST" skipped="0">
  <testcase classname="framework.Rs" name="login" time="12.754"/>
  <system-out/>
</testsuite> <!-- framework.Rs -->
