<?xml version="1.0" encoding="UTF-8"?>
<!-- Generated by org.testng.reporters.JUnitReportReporter -->
<testsuite hostname="DESKTOP-5MUK57H" failures="0" tests="1" name="fw.Fetchlocation" time="8.688" errors="0" timestamp="2024-11-27T11:59:41 IST" skipped="0">
  <testcase classname="fw.Fetchlocation" name="fchloc" time="8.688"/>
  <system-out/>
</testsuite> <!-- fw.Fetchlocation -->
